--------------------------------------------------------------------------------
Release 14.7 Trace  (nt)
Copyright (c) 1995-2013 Xilinx, Inc.  All rights reserved.

C:\Xilinx\14.7\ISE_DS\ISE\bin\nt\unwrapped\trce.exe -intstyle ise -v 3 -s 5 -n
3 -fastpaths -xml Adder_4_Bit.twx Adder_4_Bit.ncd -o Adder_4_Bit.twr
Adder_4_Bit.pcf

Design file:              Adder_4_Bit.ncd
Physical constraint file: Adder_4_Bit.pcf
Device,package,speed:     xc3s250e,ft256,-5 (PRODUCTION 1.27 2013-10-13)
Report level:             verbose report

Environment Variable      Effect 
--------------------      ------ 
NONE                      No environment variables were set
--------------------------------------------------------------------------------

INFO:Timing:2698 - No timing constraints found, doing default enumeration.
INFO:Timing:3412 - To improve timing, see the Timing Closure User Guide (UG612).
INFO:Timing:2752 - To get complete path coverage, use the unconstrained paths 
   option. All paths that are not constrained will be reported in the 
   unconstrained paths section(s) of the report.
INFO:Timing:3339 - The clock-to-out numbers in this timing report are based on 
   a 50 Ohm transmission line loading model.  For the details of this model, 
   and for more information on accounting for different loading conditions, 
   please see the device datasheet.
INFO:Timing:3390 - This architecture does not support a default System Jitter 
   value, please add SYSTEM_JITTER constraint to the UCF to modify the Clock 
   Uncertainty calculation.
INFO:Timing:3389 - This architecture does not support 'Discrete Jitter' and 
   'Phase Error' calculations, these terms will be zero in the Clock 
   Uncertainty calculation.  Please make appropriate modification to 
   SYSTEM_JITTER to account for the unsupported Discrete Jitter and Phase 
   Error.



Data Sheet report:
-----------------
All values displayed in nanoseconds (ns)

Pad to Pad
---------------+---------------+---------+
Source Pad     |Destination Pad|  Delay  |
---------------+---------------+---------+
A<0>           |Cout           |    8.386|
A<0>           |Sum<0>         |    6.279|
A<0>           |Sum<1>         |    7.166|
A<0>           |Sum<2>         |    8.273|
A<0>           |Sum<3>         |    8.674|
A<1>           |Cout           |    7.963|
A<1>           |Sum<1>         |    6.516|
A<1>           |Sum<2>         |    7.850|
A<1>           |Sum<3>         |    8.251|
A<2>           |Cout           |    6.737|
A<2>           |Sum<2>         |    6.175|
A<2>           |Sum<3>         |    7.025|
A<3>           |Cout           |    6.076|
A<3>           |Sum<3>         |    6.342|
B<0>           |Cout           |    8.185|
B<0>           |Sum<0>         |    6.078|
B<0>           |Sum<1>         |    6.965|
B<0>           |Sum<2>         |    8.072|
B<0>           |Sum<3>         |    8.473|
B<1>           |Cout           |    7.466|
B<1>           |Sum<1>         |    5.645|
B<1>           |Sum<2>         |    7.353|
B<1>           |Sum<3>         |    7.754|
B<2>           |Cout           |    6.986|
B<2>           |Sum<2>         |    6.197|
B<2>           |Sum<3>         |    7.274|
B<3>           |Cout           |    5.791|
B<3>           |Sum<3>         |    6.023|
Cin            |Cout           |    7.838|
Cin            |Sum<0>         |    5.731|
Cin            |Sum<1>         |    6.618|
Cin            |Sum<2>         |    7.725|
Cin            |Sum<3>         |    8.126|
---------------+---------------+---------+


Analysis completed Fri Feb 01 03:28:22 2019 
--------------------------------------------------------------------------------

Trace Settings:
-------------------------
Trace Settings 

Peak Memory Usage: 135 MB



