--------------------------------------------------------------------------------
Release 14.7 Trace  (nt)
Copyright (c) 1995-2013 Xilinx, Inc.  All rights reserved.

C:\Xilinx\14.7\ISE_DS\ISE\bin\nt\unwrapped\trce.exe -intstyle ise -v 3 -s 5 -n
3 -fastpaths -xml BCD_Adder.twx BCD_Adder.ncd -o BCD_Adder.twr BCD_Adder.pcf

Design file:              BCD_Adder.ncd
Physical constraint file: BCD_Adder.pcf
Device,package,speed:     xc3s250e,ft256,-5 (PRODUCTION 1.27 2013-10-13)
Report level:             verbose report

Environment Variable      Effect 
--------------------      ------ 
NONE                      No environment variables were set
--------------------------------------------------------------------------------

INFO:Timing:2698 - No timing constraints found, doing default enumeration.
INFO:Timing:3412 - To improve timing, see the Timing Closure User Guide (UG612).
INFO:Timing:2752 - To get complete path coverage, use the unconstrained paths 
   option. All paths that are not constrained will be reported in the 
   unconstrained paths section(s) of the report.
INFO:Timing:3339 - The clock-to-out numbers in this timing report are based on 
   a 50 Ohm transmission line loading model.  For the details of this model, 
   and for more information on accounting for different loading conditions, 
   please see the device datasheet.
INFO:Timing:3390 - This architecture does not support a default System Jitter 
   value, please add SYSTEM_JITTER constraint to the UCF to modify the Clock 
   Uncertainty calculation.
INFO:Timing:3389 - This architecture does not support 'Discrete Jitter' and 
   'Phase Error' calculations, these terms will be zero in the Clock 
   Uncertainty calculation.  Please make appropriate modification to 
   SYSTEM_JITTER to account for the unsupported Discrete Jitter and Phase 
   Error.



Data Sheet report:
-----------------
All values displayed in nanoseconds (ns)

Pad to Pad
---------------+---------------+---------+
Source Pad     |Destination Pad|  Delay  |
---------------+---------------+---------+
A<0>           |Cout           |   10.929|
A<0>           |S<0>           |    5.265|
A<0>           |S<1>           |   10.402|
A<0>           |S<2>           |   10.373|
A<0>           |S<3>           |   10.373|
A<1>           |Cout           |   10.865|
A<1>           |S<1>           |   10.338|
A<1>           |S<2>           |   10.309|
A<1>           |S<3>           |   10.309|
A<2>           |Cout           |    9.812|
A<2>           |S<1>           |    9.285|
A<2>           |S<2>           |    9.256|
A<2>           |S<3>           |    9.256|
A<3>           |Cout           |    8.975|
A<3>           |S<1>           |    8.448|
A<3>           |S<2>           |    8.419|
A<3>           |S<3>           |    8.419|
B<0>           |Cout           |   11.276|
B<0>           |S<0>           |    5.745|
B<0>           |S<1>           |   10.749|
B<0>           |S<2>           |   10.720|
B<0>           |S<3>           |   10.720|
B<1>           |Cout           |   10.407|
B<1>           |S<1>           |    9.880|
B<1>           |S<2>           |    9.851|
B<1>           |S<3>           |    9.851|
B<2>           |Cout           |    9.527|
B<2>           |S<1>           |    9.000|
B<2>           |S<2>           |    8.971|
B<2>           |S<3>           |    8.971|
B<3>           |Cout           |    9.111|
B<3>           |S<1>           |    8.584|
B<3>           |S<2>           |    8.555|
B<3>           |S<3>           |    8.555|
Cin            |Cout           |   10.911|
Cin            |S<0>           |    5.342|
Cin            |S<1>           |   10.384|
Cin            |S<2>           |   10.355|
Cin            |S<3>           |   10.355|
---------------+---------------+---------+


Analysis completed Fri Feb 01 16:17:39 2019 
--------------------------------------------------------------------------------

Trace Settings:
-------------------------
Trace Settings 

Peak Memory Usage: 135 MB



