Release 14.7 - xst P.20131013 (nt)
Copyright (c) 1995-2013 Xilinx, Inc.  All rights reserved.
--> Parameter TMPDIR set to xst/projnav.tmp


Total REAL time to Xst completion: 0.00 secs
Total CPU time to Xst completion: 0.15 secs
 
--> Parameter xsthdpdir set to xst


Total REAL time to Xst completion: 0.00 secs
Total CPU time to Xst completion: 0.15 secs
 
--> Reading design: up_down_counter.prj

TABLE OF CONTENTS
  1) Synthesis Options Summary
  2) HDL Compilation
  3) Design Hierarchy Analysis
  4) HDL Analysis
  5) HDL Synthesis
     5.1) HDL Synthesis Report
  6) Advanced HDL Synthesis
     6.1) Advanced HDL Synthesis Report
  7) Low Level Synthesis
  8) Partition Report
  9) Final Report
	9.1) Device utilization summary
	9.2) Partition Resource Summary
	9.3) TIMING REPORT


=========================================================================
*                      Synthesis Options Summary                        *
=========================================================================
---- Source Parameters
Input File Name                    : "up_down_counter.prj"
Input Format                       : mixed
Ignore Synthesis Constraint File   : NO

---- Target Parameters
Output File Name                   : "up_down_counter"
Output Format                      : NGC
Target Device                      : xc3s250e-5-ft256

---- Source Options
Top Module Name                    : up_down_counter
Automatic FSM Extraction           : YES
FSM Encoding Algorithm             : Auto
Safe Implementation                : No
FSM Style                          : LUT
RAM Extraction                     : Yes
RAM Style                          : Auto
ROM Extraction                     : Yes
Mux Style                          : Auto
Decoder Extraction                 : YES
Priority Encoder Extraction        : Yes
Shift Register Extraction          : YES
Logical Shifter Extraction         : YES
XOR Collapsing                     : YES
ROM Style                          : Auto
Mux Extraction                     : Yes
Resource Sharing                   : YES
Asynchronous To Synchronous        : NO
Multiplier Style                   : Auto
Automatic Register Balancing       : No

---- Target Options
Add IO Buffers                     : YES
Global Maximum Fanout              : 500
Add Generic Clock Buffer(BUFG)     : 24
Register Duplication               : YES
Slice Packing                      : YES
Optimize Instantiated Primitives   : NO
Use Clock Enable                   : Yes
Use Synchronous Set                : Yes
Use Synchronous Reset              : Yes
Pack IO Registers into IOBs        : Auto
Equivalent register Removal        : YES

---- General Options
Optimization Goal                  : Speed
Optimization Effort                : 1
Keep Hierarchy                     : No
Netlist Hierarchy                  : As_Optimized
RTL Output                         : Yes
Global Optimization                : AllClockNets
Read Cores                         : YES
Write Timing Constraints           : NO
Cross Clock Analysis               : NO
Hierarchy Separator                : /
Bus Delimiter                      : <>
Case Specifier                     : Maintain
Slice Utilization Ratio            : 100
BRAM Utilization Ratio             : 100
Verilog 2001                       : YES
Auto BRAM Packing                  : NO
Slice Utilization Ratio Delta      : 5

=========================================================================


=========================================================================
*                          HDL Compilation                              *
=========================================================================
Compiling verilog file "up_down_counter.v" in library work
Module <up_down_counter> compiled
No errors in compilation
Analysis of file <"up_down_counter.prj"> succeeded.
 

=========================================================================
*                     Design Hierarchy Analysis                         *
=========================================================================
Analyzing hierarchy for module <up_down_counter> in library <work>.


=========================================================================
*                            HDL Analysis                               *
=========================================================================
Analyzing top module <up_down_counter>.
Module <up_down_counter> is correct for synthesis.
 

=========================================================================
*                           HDL Synthesis                               *
=========================================================================

Performing bidirectional port resolution...

Synthesizing Unit <up_down_counter>.
    Related source file is "up_down_counter.v".
    Found 4-bit updown counter for signal <up_down_counter>.
    Summary:
	inferred   1 Counter(s).
Unit <up_down_counter> synthesized.


=========================================================================
HDL Synthesis Report

Macro Statistics
# Counters                                             : 1
 4-bit updown counter                                  : 1

=========================================================================

=========================================================================
*                       Advanced HDL Synthesis                          *
=========================================================================


=========================================================================
Advanced HDL Synthesis Report

Macro Statistics
# Counters                                             : 1
 4-bit updown counter                                  : 1

=========================================================================

=========================================================================
*                         Low Level Synthesis                           *
=========================================================================

Optimizing unit <up_down_counter> ...

Mapping all equations...
Building and optimizing final netlist ...
Found area constraint ratio of 100 (+ 5) on block up_down_counter, actual ratio is 0.

Final Macro Processing ...

=========================================================================
Final Register Report

Macro Statistics
# Registers                                            : 4
 Flip-Flops                                            : 4

=========================================================================

=========================================================================
*                           Partition Report                            *
=========================================================================

Partition Implementation Status
-------------------------------

  No Partitions were found in this design.

-------------------------------

=========================================================================
*                            Final Report                               *
=========================================================================
Final Results
RTL Top Level Output File Name     : up_down_counter.ngr
Top Level Output File Name         : up_down_counter
Output Format                      : NGC
Optimization Goal                  : Speed
Keep Hierarchy                     : No

Design Statistics
# IOs                              : 7

Cell Usage :
# BELS                             : 5
#      INV                         : 1
#      LUT2                        : 1
#      LUT3                        : 1
#      LUT4                        : 1
#      LUT4_L                      : 1
# FlipFlops/Latches                : 4
#      FDC                         : 4
# Clock Buffers                    : 1
#      BUFGP                       : 1
# IO Buffers                       : 6
#      IBUF                        : 2
#      OBUF                        : 4
=========================================================================

Device utilization summary:
---------------------------

Selected Device : 3s250eft256-5 

 Number of Slices:                        3  out of   2448     0%  
 Number of Slice Flip Flops:              4  out of   4896     0%  
 Number of 4 input LUTs:                  5  out of   4896     0%  
 Number of IOs:                           7
 Number of bonded IOBs:                   7  out of    172     4%  
 Number of GCLKs:                         1  out of     24     4%  

---------------------------
Partition Resource Summary:
---------------------------

  No Partitions were found in this design.

---------------------------


=========================================================================
TIMING REPORT

NOTE: THESE TIMING NUMBERS ARE ONLY A SYNTHESIS ESTIMATE.
      FOR ACCURATE TIMING INFORMATION PLEASE REFER TO THE TRACE REPORT
      GENERATED AFTER PLACE-and-ROUTE.

Clock Information:
------------------
-----------------------------------+------------------------+-------+
Clock Signal                       | Clock buffer(FF name)  | Load  |
-----------------------------------+------------------------+-------+
clk                                | BUFGP                  | 4     |
-----------------------------------+------------------------+-------+

Asynchronous Control Signals Information:
----------------------------------------
-----------------------------------+------------------------+-------+
Control Signal                     | Buffer(FF name)        | Load  |
-----------------------------------+------------------------+-------+
reset                              | IBUF                   | 4     |
-----------------------------------+------------------------+-------+

Timing Summary:
---------------
Speed Grade: -5

   Minimum period: 2.716ns (Maximum Frequency: 368.182MHz)
   Minimum input arrival time before clock: 3.370ns
   Maximum output required time after clock: 4.221ns
   Maximum combinational path delay: No path found

Timing Detail:
--------------
All values displayed in nanoseconds (ns)

=========================================================================
Timing constraint: Default period analysis for Clock 'clk'
  Clock period: 2.716ns (frequency: 368.182MHz)
  Total number of paths / destination ports: 10 / 4
-------------------------------------------------------------------------
Delay:               2.716ns (Levels of Logic = 2)
  Source:            up_down_counter_0 (FF)
  Destination:       up_down_counter_3 (FF)
  Source Clock:      clk rising
  Destination Clock: clk rising

  Data Path: up_down_counter_0 to up_down_counter_3
                                Gate     Net
    Cell:in->out      fanout   Delay   Delay  Logical Name (Net Name)
    ----------------------------------------  ------------
     FDC:C->Q              5   0.514   0.541  up_down_counter_0 (up_down_counter_0)
     LUT4_L:I3->LO         1   0.612   0.169  Result<3>_SW0 (N01)
     LUT2:I1->O            1   0.612   0.000  Result<3> (Result<3>)
     FDC:D                     0.268          up_down_counter_3
    ----------------------------------------
    Total                      2.716ns (2.006ns logic, 0.710ns route)
                                       (73.9% logic, 26.1% route)

=========================================================================
Timing constraint: Default OFFSET IN BEFORE for Clock 'clk'
  Total number of paths / destination ports: 3 / 3
-------------------------------------------------------------------------
Offset:              3.370ns (Levels of Logic = 3)
  Source:            up_down_flag (PAD)
  Destination:       up_down_counter_3 (FF)
  Destination Clock: clk rising

  Data Path: up_down_flag to up_down_counter_3
                                Gate     Net
    Cell:in->out      fanout   Delay   Delay  Logical Name (Net Name)
    ----------------------------------------  ------------
     IBUF:I->O             3   1.106   0.603  up_down_flag_IBUF (up_down_flag_IBUF)
     LUT4_L:I0->LO         1   0.612   0.169  Result<3>_SW0 (N01)
     LUT2:I1->O            1   0.612   0.000  Result<3> (Result<3>)
     FDC:D                     0.268          up_down_counter_3
    ----------------------------------------
    Total                      3.370ns (2.598ns logic, 0.772ns route)
                                       (77.1% logic, 22.9% route)

=========================================================================
Timing constraint: Default OFFSET OUT AFTER for Clock 'clk'
  Total number of paths / destination ports: 4 / 4
-------------------------------------------------------------------------
Offset:              4.221ns (Levels of Logic = 1)
  Source:            up_down_counter_0 (FF)
  Destination:       counter<0> (PAD)
  Source Clock:      clk rising

  Data Path: up_down_counter_0 to counter<0>
                                Gate     Net
    Cell:in->out      fanout   Delay   Delay  Logical Name (Net Name)
    ----------------------------------------  ------------
     FDC:C->Q              5   0.514   0.538  up_down_counter_0 (up_down_counter_0)
     OBUF:I->O                 3.169          counter_0_OBUF (counter<0>)
    ----------------------------------------
    Total                      4.221ns (3.683ns logic, 0.538ns route)
                                       (87.3% logic, 12.7% route)

=========================================================================


Total REAL time to Xst completion: 4.00 secs
Total CPU time to Xst completion: 3.72 secs
 
--> 

Total memory usage is 237656 kilobytes

Number of errors   :    0 (   0 filtered)
Number of warnings :    0 (   0 filtered)
Number of infos    :    0 (   0 filtered)

